<?xml version="1.0" encoding="UTF-8"?>
<testsuite name="cloudconfig.CloudConfigApplicationTests" tests="1" skipped="0" failures="0" errors="0" timestamp="2019-01-14T13:00:27" hostname="PC" time="0.129">
  <properties/>
  <testcase name="contextLoads" classname="cloudconfig.CloudConfigApplicationTests" time="0.129"/>
  <system-out><![CDATA[22:00:23.596 [Test worker] DEBUG org.springframework.test.context.junit4.SpringJUnit4ClassRunner - SpringJUnit4ClassRunner constructor called with [class cloudconfig.CloudConfigApplicationTests]
22:00:23.602 [Test worker] DEBUG org.springframework.test.context.BootstrapUtils - Instantiating CacheAwareContextLoaderDelegate from class [org.springframework.test.context.cache.DefaultCacheAwareContextLoaderDelegate]
22:00:23.610 [Test worker] DEBUG org.springframework.test.context.BootstrapUtils - Instantiating BootstrapContext using constructor [public org.springframework.test.context.support.DefaultBootstrapContext(java.lang.Class,org.springframework.test.context.CacheAwareContextLoaderDelegate)]
22:00:23.625 [Test worker] DEBUG org.springframework.test.context.BootstrapUtils - Instantiating TestContextBootstrapper for test class [cloudconfig.CloudConfigApplicationTests] from class [org.springframework.boot.test.context.SpringBootTestContextBootstrapper]
22:00:23.643 [Test worker] INFO org.springframework.boot.test.context.SpringBootTestContextBootstrapper - Neither @ContextConfiguration nor @ContextHierarchy found for test class [cloudconfig.CloudConfigApplicationTests], using SpringBootContextLoader
22:00:23.647 [Test worker] DEBUG org.springframework.test.context.support.AbstractContextLoader - Did not detect default resource location for test class [cloudconfig.CloudConfigApplicationTests]: class path resource [cloudconfig/CloudConfigApplicationTests-context.xml] does not exist
22:00:23.647 [Test worker] DEBUG org.springframework.test.context.support.AbstractContextLoader - Did not detect default resource location for test class [cloudconfig.CloudConfigApplicationTests]: class path resource [cloudconfig/CloudConfigApplicationTestsContext.groovy] does not exist
22:00:23.647 [Test worker] INFO org.springframework.test.context.support.AbstractContextLoader - Could not detect default resource locations for test class [cloudconfig.CloudConfigApplicationTests]: no resource found for suffixes {-context.xml, Context.groovy}.
22:00:23.648 [Test worker] INFO org.springframework.test.context.support.AnnotationConfigContextLoaderUtils - Could not detect default configuration classes for test class [cloudconfig.CloudConfigApplicationTests]: CloudConfigApplicationTests does not declare any static, non-private, non-final, nested classes annotated with @Configuration.
22:00:23.684 [Test worker] DEBUG org.springframework.test.context.support.ActiveProfilesUtils - Could not find an 'annotation declaring class' for annotation type [org.springframework.test.context.ActiveProfiles] and class [cloudconfig.CloudConfigApplicationTests]
22:00:23.733 [Test worker] DEBUG org.springframework.context.annotation.ClassPathScanningCandidateComponentProvider - Identified candidate component class: file [D:\temp\cloud-config\build\classes\java\main\cloudconfig\CloudConfigApplication.class]
22:00:23.733 [Test worker] INFO org.springframework.boot.test.context.SpringBootTestContextBootstrapper - Found @SpringBootConfiguration cloudconfig.CloudConfigApplication for test class cloudconfig.CloudConfigApplicationTests
22:00:23.796 [Test worker] DEBUG org.springframework.boot.test.context.SpringBootTestContextBootstrapper - @TestExecutionListeners is not present for class [cloudconfig.CloudConfigApplicationTests]: using defaults.
22:00:23.796 [Test worker] INFO org.springframework.boot.test.context.SpringBootTestContextBootstrapper - Loaded default TestExecutionListener class names from location [META-INF/spring.factories]: [org.springframework.boot.test.autoconfigure.restdocs.RestDocsTestExecutionListener, org.springframework.boot.test.autoconfigure.web.client.MockRestServiceServerResetTestExecutionListener, org.springframework.boot.test.autoconfigure.web.servlet.MockMvcPrintOnlyOnFailureTestExecutionListener, org.springframework.boot.test.autoconfigure.web.servlet.WebDriverTestExecutionListener, org.springframework.boot.test.mock.mockito.MockitoTestExecutionListener, org.springframework.boot.test.mock.mockito.ResetMocksTestExecutionListener, org.springframework.test.context.web.ServletTestExecutionListener, org.springframework.test.context.support.DirtiesContextBeforeModesTestExecutionListener, org.springframework.test.context.support.DependencyInjectionTestExecutionListener, org.springframework.test.context.support.DirtiesContextTestExecutionListener, org.springframework.test.context.transaction.TransactionalTestExecutionListener, org.springframework.test.context.jdbc.SqlScriptsTestExecutionListener]
22:00:23.796 [Test worker] DEBUG org.springframework.boot.test.context.SpringBootTestContextBootstrapper - Skipping candidate TestExecutionListener [org.springframework.test.context.transaction.TransactionalTestExecutionListener] due to a missing dependency. Specify custom listener classes or make the default listener classes and their required dependencies available. Offending class: [org/springframework/transaction/interceptor/TransactionAttributeSource]
22:00:23.796 [Test worker] DEBUG org.springframework.boot.test.context.SpringBootTestContextBootstrapper - Skipping candidate TestExecutionListener [org.springframework.test.context.jdbc.SqlScriptsTestExecutionListener] due to a missing dependency. Specify custom listener classes or make the default listener classes and their required dependencies available. Offending class: [org/springframework/transaction/interceptor/TransactionAttribute]
22:00:23.796 [Test worker] INFO org.springframework.boot.test.context.SpringBootTestContextBootstrapper - Using TestExecutionListeners: [org.springframework.test.context.web.ServletTestExecutionListener@49a907fb, org.springframework.test.context.support.DirtiesContextBeforeModesTestExecutionListener@cd6afe1, org.springframework.boot.test.mock.mockito.MockitoTestExecutionListener@59592b5, org.springframework.boot.test.autoconfigure.SpringBootDependencyInjectionTestExecutionListener@49751b0f, org.springframework.test.context.support.DirtiesContextTestExecutionListener@48624b05, org.springframework.boot.test.autoconfigure.restdocs.RestDocsTestExecutionListener@71724c4f, org.springframework.boot.test.autoconfigure.web.client.MockRestServiceServerResetTestExecutionListener@58db68ee, org.springframework.boot.test.autoconfigure.web.servlet.MockMvcPrintOnlyOnFailureTestExecutionListener@3917ad99, org.springframework.boot.test.autoconfigure.web.servlet.WebDriverTestExecutionListener@6377f3dd, org.springframework.boot.test.mock.mockito.ResetMocksTestExecutionListener@4dbc8]
22:00:23.812 [Test worker] DEBUG org.springframework.test.annotation.ProfileValueUtils - Retrieved @ProfileValueSourceConfiguration [null] for test class [cloudconfig.CloudConfigApplicationTests]
22:00:23.812 [Test worker] DEBUG org.springframework.test.annotation.ProfileValueUtils - Retrieved ProfileValueSource type [class org.springframework.test.annotation.SystemProfileValueSource] for class [cloudconfig.CloudConfigApplicationTests]
22:00:23.812 [Test worker] DEBUG org.springframework.test.annotation.ProfileValueUtils - Retrieved @ProfileValueSourceConfiguration [null] for test class [cloudconfig.CloudConfigApplicationTests]
22:00:23.812 [Test worker] DEBUG org.springframework.test.annotation.ProfileValueUtils - Retrieved ProfileValueSource type [class org.springframework.test.annotation.SystemProfileValueSource] for class [cloudconfig.CloudConfigApplicationTests]
22:00:23.812 [Test worker] DEBUG org.springframework.test.context.support.AbstractDirtiesContextTestExecutionListener - Before test class: context [DefaultTestContext@629c9da0 testClass = CloudConfigApplicationTests, testInstance = [null], testMethod = [null], testException = [null], mergedContextConfiguration = [WebMergedContextConfiguration@956fea2 testClass = CloudConfigApplicationTests, locations = '{}', classes = '{class cloudconfig.CloudConfigApplication}', contextInitializerClasses = '[]', activeProfiles = '{}', propertySourceLocations = '{}', propertySourceProperties = '{org.springframework.boot.test.context.SpringBootTestContextBootstrapper=true}', contextCustomizers = set[org.springframework.boot.test.autoconfigure.properties.PropertyMappingContextCustomizer@0, org.springframework.boot.test.autoconfigure.web.servlet.WebDriverContextCustomizerFactory$Customizer@17790a59, org.springframework.boot.test.context.filter.ExcludeFilterContextCustomizer@254ffde, org.springframework.boot.test.json.DuplicateJsonObjectContextCustomizerFactory$DuplicateJsonObjectContextCustomizer@16f93f8, org.springframework.boot.test.mock.mockito.MockitoContextCustomizer@0, org.springframework.boot.test.web.client.TestRestTemplateContextCustomizer@2767118d], resourceBasePath = 'src/main/webapp', contextLoader = 'org.springframework.boot.test.context.SpringBootContextLoader', parent = [null]], attributes = map['org.springframework.test.context.web.ServletTestExecutionListener.activateListener' -> true]], class annotated with @DirtiesContext [false] with mode [null].
22:00:23.812 [Test worker] DEBUG org.springframework.test.annotation.ProfileValueUtils - Retrieved @ProfileValueSourceConfiguration [null] for test class [cloudconfig.CloudConfigApplicationTests]
22:00:23.812 [Test worker] DEBUG org.springframework.test.annotation.ProfileValueUtils - Retrieved ProfileValueSource type [class org.springframework.test.annotation.SystemProfileValueSource] for class [cloudconfig.CloudConfigApplicationTests]
22:00:23.827 [Test worker] DEBUG org.springframework.test.context.support.TestPropertySourceUtils - Adding inlined properties to environment: {spring.jmx.enabled=false, org.springframework.boot.test.context.SpringBootTestContextBootstrapper=true, server.port=-1}
2019-01-14 22:00:24.395  INFO 9012 --- [    Test worker] trationDelegate$BeanPostProcessorChecker : Bean 'org.springframework.cloud.autoconfigure.ConfigurationPropertiesRebinderAutoConfiguration' of type [org.springframework.cloud.autoconfigure.ConfigurationPropertiesRebinderAutoConfiguration$$EnhancerBySpringCGLIB$$a6c272a3] is not eligible for getting processed by all BeanPostProcessors (for example: not eligible for auto-proxying)

  .   ____          _            __ _ _
 /\\ / ___'_ __ _ _(_)_ __  __ _ \ \ \ \
( ( )\___ | '_ | '_| | '_ \/ _` | \ \ \ \
 \\/  ___)| |_)| | | | | || (_| |  ) ) ) )
  '  |____| .__|_| |_|_| |_\__, | / / / /
 =========|_|==============|___/=/_/_/_/
 :: Spring Boot ::        (v2.1.2.RELEASE)

2019-01-14 22:00:24.630  INFO 9012 --- [    Test worker] cloudconfig.CloudConfigApplicationTests  : No active profile set, falling back to default profiles: default
2019-01-14 22:00:25.254  INFO 9012 --- [    Test worker] o.s.cloud.context.scope.GenericScope     : BeanFactory id=16b2847c-baf9-3a24-b1f3-5a2f07ec2781
2019-01-14 22:00:25.314  INFO 9012 --- [    Test worker] trationDelegate$BeanPostProcessorChecker : Bean 'org.springframework.cloud.autoconfigure.ConfigurationPropertiesRebinderAutoConfiguration' of type [org.springframework.cloud.autoconfigure.ConfigurationPropertiesRebinderAutoConfiguration$$EnhancerBySpringCGLIB$$a6c272a3] is not eligible for getting processed by all BeanPostProcessors (for example: not eligible for auto-proxying)
2019-01-14 22:00:25.883  INFO 9012 --- [    Test worker] o.s.s.concurrent.ThreadPoolTaskExecutor  : Initializing ExecutorService 'applicationTaskExecutor'
2019-01-14 22:00:27.025  INFO 9012 --- [    Test worker] o.s.b.a.e.web.EndpointLinksResolver      : Exposing 2 endpoint(s) beneath base path '/actuator'
2019-01-14 22:00:27.065  INFO 9012 --- [    Test worker] cloudconfig.CloudConfigApplicationTests  : Started CloudConfigApplicationTests in 3.238 seconds (JVM running for 4.046)
]]></system-out>
  <system-err><![CDATA[]]></system-err>
</testsuite>
